App started.
Rebuilt for 16 measures. Content preserved.
Inserted chord: C(b13)
App started.
Rebuilt for 16 measures. Content preserved.
App started.
Rebuilt for 16 measures. Content preserved.
Mode changed to 도수.
Mode changed to 알파벳.
Mode changed to 도수.
Mode changed to 알파벳.
Mode changed to 도수.
Key changed to G.
Key changed to C.
Key changed to F.
Key changed to C.
Mode changed to 알파벳.
Key changed to A.
Inserted chord: C
Inserted chord: CM7
App started.
Rebuilt for 16 measures. Content preserved.
Mode changed to 도수.
Key changed to D.
App started.
Rebuilt for 16 measures. Content preserved.
Mode changed to 도수.
Key changed to F#.
Key changed to F.
Inserted chord: II
Mode changed to 알파벳.
Mode changed to 도수.
Mode changed to 알파벳.
Mode changed to 도수.
Key changed to G.
Mode changed to 알파벳.
Mode changed to 도수.
Mode changed to 알파벳.
Mode changed to 도수.
Key changed to Eb.
Key changed to C.
Mode changed to 알파벳.
Key changed to G.
Key changed to F.
Key changed to C.
Saved MIDI: /Users/tsk/Desktop/ccccc.midi
Saved MIDI: /Users/tsk/Desktop/ccccccccc.midi
